2024-09-05 00:22:40,439 [Test worker] INFO  org.springframework.test.context.support.AnnotationConfigContextLoaderUtils(detectDefaultConfigurationClasses:83) - Could not detect default configuration classes for test class [com.demo.ex1.sample.SampleControllerTests]: SampleControllerTests does not declare any static, non-private, non-final, nested classes annotated with @Configuration.
2024-09-05 00:22:40,475 [Test worker] INFO  org.springframework.boot.test.context.SpringBootTestContextBootstrapper(getOrFindConfigurationClasses:234) - Found @SpringBootConfiguration com.demo.ex1.Ex1Application for test class com.demo.ex1.sample.SampleControllerTests
2024-09-05 00:22:40,904 [Test worker] INFO  org.springframework.boot.web.embedded.tomcat.TomcatWebServer(initialize:111) - Tomcat initialized with port 0 (http)
2024-09-05 00:22:40,929 [Test worker] INFO  org.springframework.boot.web.servlet.context.ServletWebServerApplicationContext(prepareWebApplicationContext:296) - Root WebApplicationContext: initialization completed in 305 ms
2024-09-05 00:22:41,050 [Test worker] INFO  org.springframework.boot.web.embedded.tomcat.TomcatWebServer(start:243) - Tomcat started on port 60653 (http) with context path '/'
2024-09-05 00:22:41,463 [http-nio-auto-1-exec-1] INFO  org.springframework.web.servlet.DispatcherServlet(initServletBean:532) - Initializing Servlet 'dispatcherServlet'
2024-09-05 00:22:41,464 [http-nio-auto-1-exec-1] INFO  org.springframework.web.servlet.DispatcherServlet(initServletBean:554) - Completed initialization in 1 ms
2024-09-05 00:24:06,001 [Test worker] INFO  org.springframework.test.context.support.AnnotationConfigContextLoaderUtils(detectDefaultConfigurationClasses:83) - Could not detect default configuration classes for test class [com.demo.ex1.sample.SampleControllerTests]: SampleControllerTests does not declare any static, non-private, non-final, nested classes annotated with @Configuration.
2024-09-05 00:24:06,042 [Test worker] INFO  org.springframework.boot.test.context.SpringBootTestContextBootstrapper(getOrFindConfigurationClasses:234) - Found @SpringBootConfiguration com.demo.ex1.Ex1Application for test class com.demo.ex1.sample.SampleControllerTests
2024-09-05 00:24:06,488 [Test worker] INFO  org.springframework.boot.web.embedded.tomcat.TomcatWebServer(initialize:111) - Tomcat initialized with port 0 (http)
2024-09-05 00:24:06,522 [Test worker] INFO  org.springframework.boot.web.servlet.context.ServletWebServerApplicationContext(prepareWebApplicationContext:296) - Root WebApplicationContext: initialization completed in 326 ms
2024-09-05 00:24:06,648 [Test worker] INFO  org.springframework.boot.web.embedded.tomcat.TomcatWebServer(start:243) - Tomcat started on port 61008 (http) with context path '/'
2024-09-05 00:24:07,074 [http-nio-auto-1-exec-1] INFO  org.springframework.web.servlet.DispatcherServlet(initServletBean:532) - Initializing Servlet 'dispatcherServlet'
2024-09-05 00:24:07,075 [http-nio-auto-1-exec-1] INFO  org.springframework.web.servlet.DispatcherServlet(initServletBean:554) - Completed initialization in 1 ms
2024-09-05 00:24:25,340 [Test worker] INFO  org.springframework.test.context.support.AnnotationConfigContextLoaderUtils(detectDefaultConfigurationClasses:83) - Could not detect default configuration classes for test class [com.demo.ex1.sample.SampleControllerTests]: SampleControllerTests does not declare any static, non-private, non-final, nested classes annotated with @Configuration.
2024-09-05 00:24:25,374 [Test worker] INFO  org.springframework.boot.test.context.SpringBootTestContextBootstrapper(getOrFindConfigurationClasses:234) - Found @SpringBootConfiguration com.demo.ex1.Ex1Application for test class com.demo.ex1.sample.SampleControllerTests
2024-09-05 00:24:25,793 [Test worker] INFO  org.springframework.boot.web.embedded.tomcat.TomcatWebServer(initialize:111) - Tomcat initialized with port 0 (http)
2024-09-05 00:24:25,817 [Test worker] INFO  org.springframework.boot.web.servlet.context.ServletWebServerApplicationContext(prepareWebApplicationContext:296) - Root WebApplicationContext: initialization completed in 297 ms
2024-09-05 00:24:25,937 [Test worker] INFO  org.springframework.boot.web.embedded.tomcat.TomcatWebServer(start:243) - Tomcat started on port 61096 (http) with context path '/'
2024-09-05 00:24:26,339 [http-nio-auto-1-exec-1] INFO  org.springframework.web.servlet.DispatcherServlet(initServletBean:532) - Initializing Servlet 'dispatcherServlet'
2024-09-05 00:24:26,340 [http-nio-auto-1-exec-1] INFO  org.springframework.web.servlet.DispatcherServlet(initServletBean:554) - Completed initialization in 1 ms
2024-09-05 00:24:59,874 [Test worker] INFO  org.springframework.test.context.support.AnnotationConfigContextLoaderUtils(detectDefaultConfigurationClasses:83) - Could not detect default configuration classes for test class [com.demo.ex1.sample.SampleControllerTests]: SampleControllerTests does not declare any static, non-private, non-final, nested classes annotated with @Configuration.
2024-09-05 00:24:59,908 [Test worker] INFO  org.springframework.boot.test.context.SpringBootTestContextBootstrapper(getOrFindConfigurationClasses:234) - Found @SpringBootConfiguration com.demo.ex1.Ex1Application for test class com.demo.ex1.sample.SampleControllerTests
2024-09-05 00:25:00,334 [Test worker] INFO  org.springframework.boot.web.embedded.tomcat.TomcatWebServer(initialize:111) - Tomcat initialized with port 0 (http)
2024-09-05 00:25:00,359 [Test worker] INFO  org.springframework.boot.web.servlet.context.ServletWebServerApplicationContext(prepareWebApplicationContext:296) - Root WebApplicationContext: initialization completed in 306 ms
2024-09-05 00:25:00,484 [Test worker] INFO  org.springframework.boot.web.embedded.tomcat.TomcatWebServer(start:243) - Tomcat started on port 61239 (http) with context path '/'
2024-09-05 00:25:00,890 [http-nio-auto-1-exec-1] INFO  org.springframework.web.servlet.DispatcherServlet(initServletBean:532) - Initializing Servlet 'dispatcherServlet'
2024-09-05 00:25:00,891 [http-nio-auto-1-exec-1] INFO  org.springframework.web.servlet.DispatcherServlet(initServletBean:554) - Completed initialization in 0 ms
2024-09-05 00:25:28,056 [Test worker] INFO  org.springframework.test.context.support.AnnotationConfigContextLoaderUtils(detectDefaultConfigurationClasses:83) - Could not detect default configuration classes for test class [com.demo.ex1.sample.SampleControllerTests]: SampleControllerTests does not declare any static, non-private, non-final, nested classes annotated with @Configuration.
2024-09-05 00:25:28,094 [Test worker] INFO  org.springframework.boot.test.context.SpringBootTestContextBootstrapper(getOrFindConfigurationClasses:234) - Found @SpringBootConfiguration com.demo.ex1.Ex1Application for test class com.demo.ex1.sample.SampleControllerTests
2024-09-05 00:25:28,510 [Test worker] INFO  org.springframework.boot.web.embedded.tomcat.TomcatWebServer(initialize:111) - Tomcat initialized with port 0 (http)
2024-09-05 00:25:28,535 [Test worker] INFO  org.springframework.boot.web.servlet.context.ServletWebServerApplicationContext(prepareWebApplicationContext:296) - Root WebApplicationContext: initialization completed in 305 ms
2024-09-05 00:25:28,651 [Test worker] INFO  org.springframework.boot.web.embedded.tomcat.TomcatWebServer(start:243) - Tomcat started on port 61361 (http) with context path '/'
2024-09-05 00:25:29,071 [http-nio-auto-1-exec-1] INFO  org.springframework.web.servlet.DispatcherServlet(initServletBean:532) - Initializing Servlet 'dispatcherServlet'
2024-09-05 00:25:29,072 [http-nio-auto-1-exec-1] INFO  org.springframework.web.servlet.DispatcherServlet(initServletBean:554) - Completed initialization in 1 ms
2024-09-05 00:25:59,829 [Test worker] INFO  org.springframework.test.context.support.AnnotationConfigContextLoaderUtils(detectDefaultConfigurationClasses:83) - Could not detect default configuration classes for test class [com.demo.ex1.sample.SampleControllerTests]: SampleControllerTests does not declare any static, non-private, non-final, nested classes annotated with @Configuration.
2024-09-05 00:25:59,866 [Test worker] INFO  org.springframework.boot.test.context.SpringBootTestContextBootstrapper(getOrFindConfigurationClasses:234) - Found @SpringBootConfiguration com.demo.ex1.Ex1Application for test class com.demo.ex1.sample.SampleControllerTests
2024-09-05 00:26:00,323 [Test worker] INFO  org.springframework.boot.web.embedded.tomcat.TomcatWebServer(initialize:111) - Tomcat initialized with port 0 (http)
2024-09-05 00:26:00,350 [Test worker] INFO  org.springframework.boot.web.servlet.context.ServletWebServerApplicationContext(prepareWebApplicationContext:296) - Root WebApplicationContext: initialization completed in 335 ms
2024-09-05 00:26:00,479 [Test worker] INFO  org.springframework.boot.web.embedded.tomcat.TomcatWebServer(start:243) - Tomcat started on port 61496 (http) with context path '/'
2024-09-05 00:26:00,896 [http-nio-auto-1-exec-1] INFO  org.springframework.web.servlet.DispatcherServlet(initServletBean:532) - Initializing Servlet 'dispatcherServlet'
2024-09-05 00:26:00,896 [http-nio-auto-1-exec-1] INFO  org.springframework.web.servlet.DispatcherServlet(initServletBean:554) - Completed initialization in 0 ms
2024-09-05 00:26:36,560 [Test worker] INFO  org.springframework.test.context.support.AnnotationConfigContextLoaderUtils(detectDefaultConfigurationClasses:83) - Could not detect default configuration classes for test class [com.demo.ex1.sample.SampleControllerTests]: SampleControllerTests does not declare any static, non-private, non-final, nested classes annotated with @Configuration.
2024-09-05 00:26:36,595 [Test worker] INFO  org.springframework.boot.test.context.SpringBootTestContextBootstrapper(getOrFindConfigurationClasses:234) - Found @SpringBootConfiguration com.demo.ex1.Ex1Application for test class com.demo.ex1.sample.SampleControllerTests
2024-09-05 00:26:37,001 [Test worker] INFO  org.springframework.boot.web.embedded.tomcat.TomcatWebServer(initialize:111) - Tomcat initialized with port 0 (http)
2024-09-05 00:26:37,027 [Test worker] INFO  org.springframework.boot.web.servlet.context.ServletWebServerApplicationContext(prepareWebApplicationContext:296) - Root WebApplicationContext: initialization completed in 297 ms
2024-09-05 00:26:37,151 [Test worker] INFO  org.springframework.boot.web.embedded.tomcat.TomcatWebServer(start:243) - Tomcat started on port 61653 (http) with context path '/'
2024-09-05 00:26:37,567 [http-nio-auto-1-exec-1] INFO  org.springframework.web.servlet.DispatcherServlet(initServletBean:532) - Initializing Servlet 'dispatcherServlet'
2024-09-05 00:26:37,568 [http-nio-auto-1-exec-1] INFO  org.springframework.web.servlet.DispatcherServlet(initServletBean:554) - Completed initialization in 1 ms
2024-09-05 00:27:01,336 [Test worker] INFO  org.springframework.test.context.support.AnnotationConfigContextLoaderUtils(detectDefaultConfigurationClasses:83) - Could not detect default configuration classes for test class [com.demo.ex1.sample.SampleControllerTests]: SampleControllerTests does not declare any static, non-private, non-final, nested classes annotated with @Configuration.
2024-09-05 00:27:01,370 [Test worker] INFO  org.springframework.boot.test.context.SpringBootTestContextBootstrapper(getOrFindConfigurationClasses:234) - Found @SpringBootConfiguration com.demo.ex1.Ex1Application for test class com.demo.ex1.sample.SampleControllerTests
2024-09-05 00:27:01,782 [Test worker] INFO  org.springframework.boot.web.embedded.tomcat.TomcatWebServer(initialize:111) - Tomcat initialized with port 0 (http)
2024-09-05 00:27:01,809 [Test worker] INFO  org.springframework.boot.web.servlet.context.ServletWebServerApplicationContext(prepareWebApplicationContext:296) - Root WebApplicationContext: initialization completed in 302 ms
2024-09-05 00:27:01,942 [Test worker] INFO  org.springframework.boot.web.embedded.tomcat.TomcatWebServer(start:243) - Tomcat started on port 61760 (http) with context path '/'
2024-09-05 00:27:02,392 [http-nio-auto-1-exec-1] INFO  org.springframework.web.servlet.DispatcherServlet(initServletBean:532) - Initializing Servlet 'dispatcherServlet'
2024-09-05 00:27:02,393 [http-nio-auto-1-exec-1] INFO  org.springframework.web.servlet.DispatcherServlet(initServletBean:554) - Completed initialization in 1 ms
2024-09-05 00:27:50,049 [Test worker] INFO  org.springframework.test.context.support.AnnotationConfigContextLoaderUtils(detectDefaultConfigurationClasses:83) - Could not detect default configuration classes for test class [com.demo.ex1.sample.SampleControllerTests]: SampleControllerTests does not declare any static, non-private, non-final, nested classes annotated with @Configuration.
2024-09-05 00:27:50,090 [Test worker] INFO  org.springframework.boot.test.context.SpringBootTestContextBootstrapper(getOrFindConfigurationClasses:234) - Found @SpringBootConfiguration com.demo.ex1.Ex1Application for test class com.demo.ex1.sample.SampleControllerTests
2024-09-05 00:27:50,501 [Test worker] INFO  org.springframework.boot.web.embedded.tomcat.TomcatWebServer(initialize:111) - Tomcat initialized with port 0 (http)
2024-09-05 00:27:50,526 [Test worker] INFO  org.springframework.boot.web.servlet.context.ServletWebServerApplicationContext(prepareWebApplicationContext:296) - Root WebApplicationContext: initialization completed in 303 ms
2024-09-05 00:27:50,645 [Test worker] INFO  org.springframework.boot.web.embedded.tomcat.TomcatWebServer(start:243) - Tomcat started on port 62027 (http) with context path '/'
2024-09-05 00:27:51,046 [http-nio-auto-1-exec-1] INFO  org.springframework.web.servlet.DispatcherServlet(initServletBean:532) - Initializing Servlet 'dispatcherServlet'
2024-09-05 00:27:51,047 [http-nio-auto-1-exec-1] INFO  org.springframework.web.servlet.DispatcherServlet(initServletBean:554) - Completed initialization in 1 ms
2024-09-05 00:29:20,434 [Test worker] INFO  org.springframework.test.context.support.AnnotationConfigContextLoaderUtils(detectDefaultConfigurationClasses:83) - Could not detect default configuration classes for test class [com.demo.ex1.sample.SampleControllerTests]: SampleControllerTests does not declare any static, non-private, non-final, nested classes annotated with @Configuration.
2024-09-05 00:29:20,470 [Test worker] INFO  org.springframework.boot.test.context.SpringBootTestContextBootstrapper(getOrFindConfigurationClasses:234) - Found @SpringBootConfiguration com.demo.ex1.Ex1Application for test class com.demo.ex1.sample.SampleControllerTests
2024-09-05 00:29:20,907 [Test worker] INFO  org.springframework.boot.web.embedded.tomcat.TomcatWebServer(initialize:111) - Tomcat initialized with port 0 (http)
2024-09-05 00:29:20,934 [Test worker] INFO  org.springframework.boot.web.servlet.context.ServletWebServerApplicationContext(prepareWebApplicationContext:296) - Root WebApplicationContext: initialization completed in 331 ms
2024-09-05 00:29:21,067 [Test worker] INFO  org.springframework.boot.web.embedded.tomcat.TomcatWebServer(start:243) - Tomcat started on port 62421 (http) with context path '/'
2024-09-05 00:29:21,474 [http-nio-auto-1-exec-1] INFO  org.springframework.web.servlet.DispatcherServlet(initServletBean:532) - Initializing Servlet 'dispatcherServlet'
2024-09-05 00:29:21,475 [http-nio-auto-1-exec-1] INFO  org.springframework.web.servlet.DispatcherServlet(initServletBean:554) - Completed initialization in 1 ms
